#
# There is insufficient memory for the Java Runtime Environment to continue.
# Native memory allocation (mmap) failed to map 268435456 bytes for Failed to commit area from 0x0000000701e00000 to 0x0000000711e00000 of length 268435456.
# Possible reasons:
#   The system is out of physical RAM or swap space
#   The process is running with CompressedOops enabled, and the Java Heap may be blocking the growth of the native heap
# Possible solutions:
#   Reduce memory load on the system
#   Increase physical memory or swap space
#   Check if swap backing store is full
#   Decrease Java heap size (-Xmx/-Xms)
#   Decrease number of Java threads
#   Decrease Java thread stack sizes (-Xss)
#   Set larger code cache with -XX:ReservedCodeCacheSize=
# This output file may be truncated or incomplete.
#
#  Out of Memory Error (c:/cygwin64/tmp/openjdk-jdk11u-windows-x64-hotspot/workspace/build/src/src/hotspot/os/windows/os_windows.cpp:3272), pid=19184, tid=30508
#
# JRE version:  (11.0.3+7) (build )
# Java VM: OpenJDK 64-Bit Server VM (11.0.3+7, mixed mode, aot, sharing, tiered, compressed oops, g1 gc, windows-amd64)
# No core dump will be written. Minidumps are not enabled by default on client versions of Windows
#

---------------  S U M M A R Y ------------

Command Line: -Djava.awt.headless=true -Dscanner.home=C:\Users\Usuario iTC\Documents\sonar-scanner-cli-4.3.0.2102-windows\sonar-scanner-4.3.0.2102-windows\bin\.. -Dproject.home=D:\Ingeniería\cuarto_ciclo\prototipado\prototipado\ejercicio org.sonarsource.scanner.cli.Main

Host: Intel(R) Core(TM) i7-8750H CPU @ 2.20GHz, 12 cores, 15G,  Windows 10 , 64 bit Build 18362 (10.0.18362.778)
Time: Tue May 12 23:03:33 2020 Hora est. Pacífico, Sudamérica elapsed time: 0 seconds (0d 0h 0m 0s)

---------------  T H R E A D  ---------------

Current thread (0x00000227e80f7000):  JavaThread "Unknown thread" [_thread_in_vm, id=30508, stack(0x000000a42c500000,0x000000a42c600000)]

Stack: [0x000000a42c500000,0x000000a42c600000]
Native frames: (J=compiled Java code, j=interpreted, Vv=VM code, C=native code)
V  [jvm.dll+0x5d6c1a]
V  [jvm.dll+0x70ac7f]
V  [jvm.dll+0x70c30b]
V  [jvm.dll+0x70c9d3]
V  [jvm.dll+0x23f608]
V  [jvm.dll+0x5d415a]
V  [jvm.dll+0x5c9055]
V  [jvm.dll+0x2f3d1c]
V  [jvm.dll+0x2f3ba2]
V  [jvm.dll+0x2f8856]
V  [jvm.dll+0x339d3f]
V  [jvm.dll+0x339770]
V  [jvm.dll+0x2d1b98]
V  [jvm.dll+0x2d2ce6]
V  [jvm.dll+0x6e6e87]
V  [jvm.dll+0x6e85df]
V  [jvm.dll+0x346c19]
V  [jvm.dll+0x6cdcc0]
V  [jvm.dll+0x3ae04f]
V  [jvm.dll+0x3b03b1]
C  [java.exe+0x35fb]
C  [java.exe+0x1986c]
C  [KERNEL32.DLL+0x17bd4]
C  [ntdll.dll+0x6ce51]


---------------  P R O C E S S  ---------------

Threads class SMR info:
_java_thread_list=0x00000227e5eb9590, length=0, elements={
}

Java Threads: ( => current thread )

Other Threads:
  0x00000227e810c000 GCTaskThread "GC Thread#0" [stack: 0x000000a42c600000,0x000000a42c700000] [id=24236]
  0x00000227e816a000 ConcurrentGCThread "G1 Main Marker" [stack: 0x000000a42c700000,0x000000a42c800000] [id=16716]
  0x00000227e816c800 ConcurrentGCThread "G1 Conc#0" [stack: 0x000000a42c800000,0x000000a42c900000] [id=33696]

[error occurred during error reporting (printing all threads), id 0xc0000005, EXCEPTION_ACCESS_VIOLATION (0xc0000005) at pc=0x00007ff8057a07b7]

VM state:not at safepoint (not fully initialized)

VM Mutex/Monitor currently owned by a thread:  ([mutex/lock_event])
[0x00000227e80f3db0] Heap_lock - owner thread: 0x00000227e80f7000

Heap address: 0x0000000701e00000, size: 4066 MB, Compressed Oops mode: Non-zero based: 0x0000000701e00000
Narrow klass base: 0x0000000000000000, Narrow klass shift: 0

GC Heap History (0 events):
No events

Deoptimization events (0 events):
No events

Classes redefined (0 events):
No events

Internal exceptions (0 events):
No events

Events (0 events):
No events


Dynamic libraries:
0x00007ff6c8680000 - 0x00007ff6c86ca000 	C:\Users\Usuario iTC\Documents\sonar-scanner-cli-4.3.0.2102-windows\sonar-scanner-4.3.0.2102-windows\jre\bin\java.exe
0x00007ff86bd40000 - 0x00007ff86bf30000 	C:\WINDOWS\SYSTEM32\ntdll.dll
0x00007ff869df0000 - 0x00007ff869ea2000 	C:\WINDOWS\System32\KERNEL32.DLL
0x00007ff868d00000 - 0x00007ff868fa3000 	C:\WINDOWS\System32\KERNELBASE.dll
0x00007ff86b970000 - 0x00007ff86bb04000 	C:\WINDOWS\System32\USER32.dll
0x00007ff869050000 - 0x00007ff869071000 	C:\WINDOWS\System32\win32u.dll
0x00007ff869f10000 - 0x00007ff869f36000 	C:\WINDOWS\System32\GDI32.dll
0x00007ff869b20000 - 0x00007ff869cb4000 	C:\WINDOWS\System32\gdi32full.dll
0x00007ff868fb0000 - 0x00007ff86904e000 	C:\WINDOWS\System32\msvcp_win.dll
0x00007ff8690d0000 - 0x00007ff8691ca000 	C:\WINDOWS\System32\ucrtbase.dll
0x00007ff853320000 - 0x00007ff8535a5000 	C:\WINDOWS\WinSxS\amd64_microsoft.windows.common-controls_6595b64144ccf1df_6.0.18362.778_none_e6c6b761130d4fb8\COMCTL32.dll
0x00007ff86b340000 - 0x00007ff86b3de000 	C:\WINDOWS\System32\msvcrt.dll
0x00007ff86a9d0000 - 0x00007ff86ad06000 	C:\WINDOWS\System32\combase.dll
0x00007ff86a080000 - 0x00007ff86a1a0000 	C:\WINDOWS\System32\RPCRT4.dll
0x00007ff869aa0000 - 0x00007ff869b20000 	C:\WINDOWS\System32\bcryptPrimitives.dll
0x00007ff86a1b0000 - 0x00007ff86a1de000 	C:\WINDOWS\System32\IMM32.DLL
0x00007ff857b00000 - 0x00007ff857b16000 	C:\Users\Usuario iTC\Documents\sonar-scanner-cli-4.3.0.2102-windows\sonar-scanner-4.3.0.2102-windows\jre\bin\vcruntime140.dll
0x00007ff857a60000 - 0x00007ff857afb000 	C:\Users\Usuario iTC\Documents\sonar-scanner-cli-4.3.0.2102-windows\sonar-scanner-4.3.0.2102-windows\jre\bin\msvcp140.dll
0x00007ff8054c0000 - 0x00007ff805f74000 	C:\Users\Usuario iTC\Documents\sonar-scanner-cli-4.3.0.2102-windows\sonar-scanner-4.3.0.2102-windows\jre\bin\server\jvm.dll
0x00007ff86b8b0000 - 0x00007ff86b953000 	C:\WINDOWS\System32\ADVAPI32.dll
0x00007ff86ad10000 - 0x00007ff86ada7000 	C:\WINDOWS\System32\sechost.dll
0x00007ff86b960000 - 0x00007ff86b968000 	C:\WINDOWS\System32\PSAPI.DLL
0x00007ff839f10000 - 0x00007ff839f19000 	C:\WINDOWS\SYSTEM32\WSOCK32.dll
0x00007ff861200000 - 0x00007ff86120a000 	C:\WINDOWS\SYSTEM32\VERSION.dll
0x00007ff866380000 - 0x00007ff8663a4000 	C:\WINDOWS\SYSTEM32\WINMM.dll
0x00007ff86aed0000 - 0x00007ff86af3f000 	C:\WINDOWS\System32\WS2_32.dll
0x00007ff866350000 - 0x00007ff86637d000 	C:\WINDOWS\SYSTEM32\winmmbase.dll
0x00007ff869080000 - 0x00007ff8690ca000 	C:\WINDOWS\System32\cfgmgr32.dll
0x00007ff868c10000 - 0x00007ff868c21000 	C:\WINDOWS\System32\kernel.appcore.dll
0x00007ff857bd0000 - 0x00007ff857be0000 	C:\Users\Usuario iTC\Documents\sonar-scanner-cli-4.3.0.2102-windows\sonar-scanner-4.3.0.2102-windows\jre\bin\verify.dll
0x00007ff867520000 - 0x00007ff867714000 	C:\WINDOWS\SYSTEM32\DBGHELP.DLL
0x00007ff85ab50000 - 0x00007ff85ab7a000 	C:\WINDOWS\SYSTEM32\dbgcore.DLL
0x00007ff857a30000 - 0x00007ff857a58000 	C:\Users\Usuario iTC\Documents\sonar-scanner-cli-4.3.0.2102-windows\sonar-scanner-4.3.0.2102-windows\jre\bin\java.dll
0x00007ff857a10000 - 0x00007ff857a26000 	C:\Users\Usuario iTC\Documents\sonar-scanner-cli-4.3.0.2102-windows\sonar-scanner-4.3.0.2102-windows\jre\bin\zip.dll
0x00007ff855e40000 - 0x00007ff855e4a000 	C:\Users\Usuario iTC\Documents\sonar-scanner-cli-4.3.0.2102-windows\sonar-scanner-4.3.0.2102-windows\jre\bin\jimage.dll

dbghelp: loaded successfully - version: 4.0.5 - missing functions: none
symbol engine: initialized successfully - sym options: 0x614 - pdb path: .;C:\Users\Usuario iTC\Documents\sonar-scanner-cli-4.3.0.2102-windows\sonar-scanner-4.3.0.2102-windows\jre\bin;C:\WINDOWS\SYSTEM32;C:\WINDOWS\WinSxS\amd64_microsoft.windows.common-controls_6595b64144ccf1df_6.0.18362.778_none_e6c6b761130d4fb8;C:\Users\Usuario iTC\Documents\sonar-scanner-cli-4.3.0.2102-windows\sonar-scanner-4.3.0.2102-windows\jre\bin\server

VM Arguments:
jvm_args: -Djava.awt.headless=true -Dscanner.home=C:\Users\Usuario iTC\Documents\sonar-scanner-cli-4.3.0.2102-windows\sonar-scanner-4.3.0.2102-windows\bin\.. -Dproject.home=D:\Ingeniería\cuarto_ciclo\prototipado\prototipado\ejercicio 
java_command: org.sonarsource.scanner.cli.Main
java_class_path (initial): C:\Users\Usuario iTC\Documents\sonar-scanner-cli-4.3.0.2102-windows\sonar-scanner-4.3.0.2102-windows\bin\..\lib\sonar-scanner-cli-4.3.0.2102.jar
Launcher Type: SUN_STANDARD

[Global flags]
     intx CICompilerCount                          = 4                                         {product} {ergonomic}
     uint ConcGCThreads                            = 3                                         {product} {ergonomic}
     uint G1ConcRefinementThreads                  = 10                                        {product} {ergonomic}
   size_t G1HeapRegionSize                         = 1048576                                   {product} {ergonomic}
    uintx GCDrainStackTargetSize                   = 64                                        {product} {ergonomic}
   size_t InitialHeapSize                          = 268435456                                 {product} {ergonomic}
   size_t MarkStackSize                            = 4194304                                   {product} {ergonomic}
   size_t MaxHeapSize                              = 4263510016                                {product} {ergonomic}
   size_t MinHeapDeltaBytes                        = 1048576                                   {product} {ergonomic}
    uintx NonNMethodCodeHeapSize                   = 5835340                                {pd product} {ergonomic}
    uintx NonProfiledCodeHeapSize                  = 122911450                              {pd product} {ergonomic}
    uintx ProfiledCodeHeapSize                     = 122911450                              {pd product} {ergonomic}
    uintx ReservedCodeCacheSize                    = 251658240                              {pd product} {ergonomic}
     bool SegmentedCodeCache                       = true                                      {product} {ergonomic}
     bool UseCompressedClassPointers               = true                                 {lp64_product} {ergonomic}
     bool UseCompressedOops                        = true                                 {lp64_product} {ergonomic}
     bool UseG1GC                                  = true                                      {product} {ergonomic}
     bool UseLargePagesIndividualAllocation        = false                                  {pd product} {ergonomic}

Logging:
Log output configuration:
 #0: stdout all=warning uptime,level,tags
 #1: stderr all=off uptime,level,tags

Environment Variables:
JAVA_HOME=C:\Users\Usuario iTC\Documents\sonar-scanner-cli-4.3.0.2102-windows\sonar-scanner-4.3.0.2102-windows\bin\..\jre
PATH=C:\Program Files\AdoptOpenJDK\jdk-14.0.0.36-hotspot\bin;C:\Program Files\AdoptOpenJDK\jdk-11.0.5.10-hotspot\bin;C:\oraclexe\app\oracle\product\11.2.0\server\bin;C:\Program Files (x86)\Common Files\Oracle\Java\javapath;C:\Windows\system32;C:\Windows;C:\Windows\System32\Wbem;C:\Windows\System32\WindowsPowerShell\v1.0\;C:\Windows\System32\OpenSSH\;C:\Program Files (x86)\NVIDIA Corporation\PhysX\Common;C:\WINDOWS\system32;C:\WINDOWS;C:\WINDOWS\System32\Wbem;C:\WINDOWS\System32\WindowsPowerShell\v1.0\;C:\WINDOWS\System32\OpenSSH\;C:\Program Files\Git\cmd;C:\Program Files\Dart\dart-sdk\bin;C:\Program Files\nodejs\;C:\Program Files (x86)\scala\bin;C:\Program Files\NVIDIA Corporation\NVIDIA NvDLISR;C:\Users\Usuario iTC\Documents\sonar-scanner-cli-4.3.0.2102-windows\sonar-scanner-4.3.0.2102-windows\bin;C:\Users\Usuario iTC\AppData\Local\Programs\Python\Python36-32\Scripts\;C:\Users\Usuario iTC\AppData\Local\Programs\Python\Python36-32\;C:\Users\Usuario iTC\AppData\Local\Microsoft\WindowsApps;C:\Program Files\JetBrains\PyCharm Community Edition 2019.1\bin;C:\Users\Usuario iTC\AppData\Local\GitHubDesktop\bin;C:\Users\Usuario iTC\AppData\Local\Programs\Microsoft VS Code\bin;C:\Users\Usuario iTC\AppData\Roaming\npm;C:\Users\Usuario iTC\AppData\Local\Microsoft\WindowsApps;C:\Users\Usuario iTC\Documents\apache-maven-3.6.3-bin\apache-maven-3.6.3\bin;
USERNAME=Edgar Guamo M
OS=Windows_NT
PROCESSOR_IDENTIFIER=Intel64 Family 6 Model 158 Stepping 10, GenuineIntel



---------------  S Y S T E M  ---------------

OS: Windows 10 , 64 bit Build 18362 (10.0.18362.778)

CPU:total 12 (initial active 12) (6 cores per cpu, 2 threads per core) family 6 model 158 stepping 10, cmov, cx8, fxsr, mmx, sse, sse2, sse3, ssse3, sse4.1, sse4.2, popcnt, avx, avx2, aes, clmul, erms, 3dnowpref, lzcnt, ht, tsc, tscinvbit, bmi1, bmi2, adx, fma

Memory: 4k page, system-wide physical 16257M (4007M free)
TotalPageFile size 20257M (AvailPageFile size 192M)
current process WorkingSet (physical memory assigned to process): 10M, peak: 10M
current process commit charge ("private bytes"): 65M, peak: 320M

vm_info: OpenJDK 64-Bit Server VM (11.0.3+7) for windows-amd64 JRE (11.0.3+7), built on Apr 18 2019 09:08:27 by "" with MS VC++ 15.8 (VS2017)

END.
